<?xml version="1.0" encoding="UTF-8"?>
<testsuite xmlns:xsi="http://www.w3.org/2001/XMLSchema-instance" xsi:noNamespaceSchemaLocation="https://maven.apache.org/surefire/maven-surefire-plugin/xsd/surefire-test-report-3.0.xsd" version="3.0" name="runner.TestRunner" time="24.774" tests="1" errors="0" skipped="0" failures="0">
  <properties>
    <property name="sun.desktop" value="windows"/>
    <property name="awt.toolkit" value="sun.awt.windows.WToolkit"/>
    <property name="file.encoding.pkg" value="sun.io"/>
    <property name="java.specification.version" value="1.8"/>
    <property name="sun.cpu.isalist" value="amd64"/>
    <property name="sun.jnu.encoding" value="Cp1252"/>
    <property name="java.class.path" value="E:\AUSTRAC-JAVA-TEST\Cucumber-Java-Project\target\test-classes;E:\AUSTRAC-JAVA-TEST\Cucumber-Java-Project\target\classes;C:\Development\Maven-Repo\io\cucumber\cucumber-core\7.12.1\cucumber-core-7.12.1.jar;C:\Development\Maven-Repo\io\cucumber\cucumber-gherkin\7.12.1\cucumber-gherkin-7.12.1.jar;C:\Development\Maven-Repo\io\cucumber\cucumber-gherkin-messages\7.12.1\cucumber-gherkin-messages-7.12.1.jar;C:\Development\Maven-Repo\io\cucumber\messages\22.0.0\messages-22.0.0.jar;C:\Development\Maven-Repo\io\cucumber\tag-expressions\5.0.1\tag-expressions-5.0.1.jar;C:\Development\Maven-Repo\io\cucumber\cucumber-expressions\16.1.2\cucumber-expressions-16.1.2.jar;C:\Development\Maven-Repo\io\cucumber\datatable\7.12.1\datatable-7.12.1.jar;C:\Development\Maven-Repo\io\cucumber\cucumber-plugin\7.12.1\cucumber-plugin-7.12.1.jar;C:\Development\Maven-Repo\io\cucumber\docstring\7.12.1\docstring-7.12.1.jar;C:\Development\Maven-Repo\io\cucumber\html-formatter\20.3.1\html-formatter-20.3.1.jar;C:\Development\Maven-Repo\io\cucumber\junit-xml-formatter\0.2.0\junit-xml-formatter-0.2.0.jar;C:\Development\Maven-Repo\io\cucumber\ci-environment\9.2.0\ci-environment-9.2.0.jar;C:\Development\Maven-Repo\org\apiguardian\apiguardian-api\1.1.2\apiguardian-api-1.1.2.jar;C:\Development\Maven-Repo\junit\junit\4.13.1\junit-4.13.1.jar;C:\Development\Maven-Repo\org\hamcrest\hamcrest-core\1.3\hamcrest-core-1.3.jar;C:\Development\Maven-Repo\org\seleniumhq\selenium\selenium-java\4.0.0-alpha-4\selenium-java-4.0.0-alpha-4.jar;C:\Development\Maven-Repo\org\seleniumhq\selenium\selenium-api\4.0.0-alpha-4\selenium-api-4.0.0-alpha-4.jar;C:\Development\Maven-Repo\org\seleniumhq\selenium\selenium-chrome-driver\4.0.0-alpha-4\selenium-chrome-driver-4.0.0-alpha-4.jar;C:\Development\Maven-Repo\com\google\auto\service\auto-service-annotations\1.0-rc6\auto-service-annotations-1.0-rc6.jar;C:\Development\Maven-Repo\com\google\auto\service\auto-service\1.0-rc6\auto-service-1.0-rc6.jar;C:\Development\Maven-Repo\com\google\auto\auto-common\0.10\auto-common-0.10.jar;C:\Development\Maven-Repo\com\google\guava\guava\28.2-jre\guava-28.2-jre.jar;C:\Development\Maven-Repo\com\google\guava\failureaccess\1.0.1\failureaccess-1.0.1.jar;C:\Development\Maven-Repo\com\google\guava\listenablefuture\9999.0-empty-to-avoid-conflict-with-guava\listenablefuture-9999.0-empty-to-avoid-conflict-with-guava.jar;C:\Development\Maven-Repo\com\google\code\findbugs\jsr305\3.0.2\jsr305-3.0.2.jar;C:\Development\Maven-Repo\org\checkerframework\checker-qual\2.10.0\checker-qual-2.10.0.jar;C:\Development\Maven-Repo\com\google\errorprone\error_prone_annotations\2.3.4\error_prone_annotations-2.3.4.jar;C:\Development\Maven-Repo\com\google\j2objc\j2objc-annotations\1.3\j2objc-annotations-1.3.jar;C:\Development\Maven-Repo\org\seleniumhq\selenium\selenium-chromium-driver\4.0.0-alpha-4\selenium-chromium-driver-4.0.0-alpha-4.jar;C:\Development\Maven-Repo\org\seleniumhq\selenium\selenium-devtools\4.0.0-alpha-4\selenium-devtools-4.0.0-alpha-4.jar;C:\Development\Maven-Repo\org\seleniumhq\selenium\selenium-http\4.0.0-alpha-4\selenium-http-4.0.0-alpha-4.jar;C:\Development\Maven-Repo\org\seleniumhq\selenium\selenium-json\4.0.0-alpha-4\selenium-json-4.0.0-alpha-4.jar;C:\Development\Maven-Repo\org\seleniumhq\selenium\selenium-edge-driver\4.0.0-alpha-4\selenium-edge-driver-4.0.0-alpha-4.jar;C:\Development\Maven-Repo\org\seleniumhq\selenium\selenium-edgehtml-driver\4.0.0-alpha-4\selenium-edgehtml-driver-4.0.0-alpha-4.jar;C:\Development\Maven-Repo\org\seleniumhq\selenium\selenium-firefox-driver\4.0.0-alpha-4\selenium-firefox-driver-4.0.0-alpha-4.jar;C:\Development\Maven-Repo\org\seleniumhq\selenium\selenium-firefox-xpi-driver\4.0.0-alpha-4\selenium-firefox-xpi-driver-4.0.0-alpha-4.jar;C:\Development\Maven-Repo\org\seleniumhq\selenium\selenium-ie-driver\4.0.0-alpha-4\selenium-ie-driver-4.0.0-alpha-4.jar;C:\Development\Maven-Repo\org\seleniumhq\selenium\selenium-opera-driver\4.0.0-alpha-4\selenium-opera-driver-4.0.0-alpha-4.jar;C:\Development\Maven-Repo\org\seleniumhq\selenium\selenium-remote-driver\4.0.0-alpha-4\selenium-remote-driver-4.0.0-alpha-4.jar;C:\Development\Maven-Repo\com\squareup\okhttp3\okhttp\4.3.0\okhttp-4.3.0.jar;C:\Development\Maven-Repo\com\squareup\okio\okio\2.4.1\okio-2.4.1.jar;C:\Development\Maven-Repo\org\jetbrains\kotlin\kotlin-stdlib-common\1.3.50\kotlin-stdlib-common-1.3.50.jar;C:\Development\Maven-Repo\org\jetbrains\kotlin\kotlin-stdlib\1.3.61\kotlin-stdlib-1.3.61.jar;C:\Development\Maven-Repo\org\jetbrains\annotations\13.0\annotations-13.0.jar;C:\Development\Maven-Repo\com\typesafe\netty\netty-reactive-streams\2.0.4\netty-reactive-streams-2.0.4.jar;C:\Development\Maven-Repo\io\netty\netty-handler\4.1.43.Final\netty-handler-4.1.43.Final.jar;C:\Development\Maven-Repo\io\netty\netty-common\4.1.43.Final\netty-common-4.1.43.Final.jar;C:\Development\Maven-Repo\io\netty\netty-buffer\4.1.43.Final\netty-buffer-4.1.43.Final.jar;C:\Development\Maven-Repo\io\netty\netty-transport\4.1.43.Final\netty-transport-4.1.43.Final.jar;C:\Development\Maven-Repo\io\netty\netty-codec\4.1.43.Final\netty-codec-4.1.43.Final.jar;C:\Development\Maven-Repo\org\reactivestreams\reactive-streams\1.0.3\reactive-streams-1.0.3.jar;C:\Development\Maven-Repo\io\opentracing\opentracing-api\0.33.0\opentracing-api-0.33.0.jar;C:\Development\Maven-Repo\net\bytebuddy\byte-buddy\1.10.6\byte-buddy-1.10.6.jar;C:\Development\Maven-Repo\org\apache\commons\commons-exec\1.3\commons-exec-1.3.jar;C:\Development\Maven-Repo\org\asynchttpclient\async-http-client\2.10.4\async-http-client-2.10.4.jar;C:\Development\Maven-Repo\org\asynchttpclient\async-http-client-netty-utils\2.10.4\async-http-client-netty-utils-2.10.4.jar;C:\Development\Maven-Repo\io\netty\netty-codec-http\4.1.42.Final\netty-codec-http-4.1.42.Final.jar;C:\Development\Maven-Repo\io\netty\netty-codec-socks\4.1.42.Final\netty-codec-socks-4.1.42.Final.jar;C:\Development\Maven-Repo\io\netty\netty-handler-proxy\4.1.42.Final\netty-handler-proxy-4.1.42.Final.jar;C:\Development\Maven-Repo\io\netty\netty-transport-native-epoll\4.1.42.Final\netty-transport-native-epoll-4.1.42.Final-linux-x86_64.jar;C:\Development\Maven-Repo\io\netty\netty-transport-native-unix-common\4.1.42.Final\netty-transport-native-unix-common-4.1.42.Final.jar;C:\Development\Maven-Repo\io\netty\netty-transport-native-kqueue\4.1.42.Final\netty-transport-native-kqueue-4.1.42.Final-osx-x86_64.jar;C:\Development\Maven-Repo\io\netty\netty-resolver-dns\4.1.42.Final\netty-resolver-dns-4.1.42.Final.jar;C:\Development\Maven-Repo\io\netty\netty-resolver\4.1.42.Final\netty-resolver-4.1.42.Final.jar;C:\Development\Maven-Repo\io\netty\netty-codec-dns\4.1.42.Final\netty-codec-dns-4.1.42.Final.jar;C:\Development\Maven-Repo\com\sun\activation\javax.activation\1.2.0\javax.activation-1.2.0.jar;C:\Development\Maven-Repo\org\seleniumhq\selenium\selenium-safari-driver\4.0.0-alpha-4\selenium-safari-driver-4.0.0-alpha-4.jar;C:\Development\Maven-Repo\org\seleniumhq\selenium\selenium-support\4.0.0-alpha-4\selenium-support-4.0.0-alpha-4.jar;C:\Development\Maven-Repo\io\cucumber\cucumber-junit\7.12.1\cucumber-junit-7.12.1.jar;C:\Development\Maven-Repo\io\cucumber\cucumber-java\7.12.1\cucumber-java-7.12.1.jar;C:\Development\Maven-Repo\io\cucumber\cucumber-jvm-deps\1.0.6\cucumber-jvm-deps-1.0.6.jar;C:\Development\Maven-Repo\net\masterthought\cucumber-reporting\5.7.6\cucumber-reporting-5.7.6.jar;C:\Development\Maven-Repo\com\fasterxml\jackson\core\jackson-databind\2.13.2.2\jackson-databind-2.13.2.2.jar;C:\Development\Maven-Repo\com\fasterxml\jackson\core\jackson-annotations\2.13.2\jackson-annotations-2.13.2.jar;C:\Development\Maven-Repo\com\fasterxml\jackson\core\jackson-core\2.13.2\jackson-core-2.13.2.jar;C:\Development\Maven-Repo\com\fasterxml\jackson\datatype\jackson-datatype-jsr310\2.13.2\jackson-datatype-jsr310-2.13.2.jar;C:\Development\Maven-Repo\org\apache\velocity\velocity-engine-core\2.3\velocity-engine-core-2.3.jar;C:\Development\Maven-Repo\org\slf4j\slf4j-api\1.7.30\slf4j-api-1.7.30.jar;C:\Development\Maven-Repo\joda-time\joda-time\2.12.2\joda-time-2.12.2.jar;C:\Development\Maven-Repo\org\apache\commons\commons-lang3\3.12.0\commons-lang3-3.12.0.jar;C:\Development\Maven-Repo\commons-io\commons-io\2.7\commons-io-2.7.jar;C:\Development\Maven-Repo\org\codehaus\plexus\plexus-utils\3.5.1\plexus-utils-3.5.1.jar;C:\Development\Maven-Repo\org\jsoup\jsoup\1.16.1\jsoup-1.16.1.jar;C:\Development\Maven-Repo\com\googlecode\owasp-java-html-sanitizer\owasp-java-html-sanitizer\20220608.1\owasp-java-html-sanitizer-20220608.1.jar;C:\Development\Maven-Repo\commons-configuration\commons-configuration\1.10\commons-configuration-1.10.jar;C:\Development\Maven-Repo\commons-lang\commons-lang\2.6\commons-lang-2.6.jar;C:\Development\Maven-Repo\commons-logging\commons-logging\1.1.1\commons-logging-1.1.1.jar;C:\Development\Maven-Repo\io\cucumber\gherkin\26.2.0\gherkin-26.2.0.jar;"/>
    <property name="java.vm.vendor" value="Oracle Corporation"/>
    <property name="sun.arch.data.model" value="64"/>
    <property name="user.variant" value=""/>
    <property name="java.vendor.url" value="http://java.oracle.com/"/>
    <property name="user.timezone" value="Australia/Sydney"/>
    <property name="java.vm.specification.version" value="1.8"/>
    <property name="os.name" value="Windows 10"/>
    <property name="user.country" value="IN"/>
    <property name="sun.java.launcher" value="SUN_STANDARD"/>
    <property name="sun.boot.library.path" value="C:\Program Files\Java\jdk1.8.0_73\jre\bin"/>
    <property name="sun.java.command" value="C:\Users\Santosh\AppData\Local\Temp\surefire7887733168876263109\surefirebooter-20230703103854674_3.jar C:\Users\Santosh\AppData\Local\Temp\surefire7887733168876263109 2023-07-03T10-38-51_620-jvmRun1 surefire-20230703103854674_1tmp surefire_0-20230703103854674_2tmp"/>
    <property name="surefire.test.class.path" value="E:\AUSTRAC-JAVA-TEST\Cucumber-Java-Project\target\test-classes;E:\AUSTRAC-JAVA-TEST\Cucumber-Java-Project\target\classes;C:\Development\Maven-Repo\io\cucumber\cucumber-core\7.12.1\cucumber-core-7.12.1.jar;C:\Development\Maven-Repo\io\cucumber\cucumber-gherkin\7.12.1\cucumber-gherkin-7.12.1.jar;C:\Development\Maven-Repo\io\cucumber\cucumber-gherkin-messages\7.12.1\cucumber-gherkin-messages-7.12.1.jar;C:\Development\Maven-Repo\io\cucumber\messages\22.0.0\messages-22.0.0.jar;C:\Development\Maven-Repo\io\cucumber\tag-expressions\5.0.1\tag-expressions-5.0.1.jar;C:\Development\Maven-Repo\io\cucumber\cucumber-expressions\16.1.2\cucumber-expressions-16.1.2.jar;C:\Development\Maven-Repo\io\cucumber\datatable\7.12.1\datatable-7.12.1.jar;C:\Development\Maven-Repo\io\cucumber\cucumber-plugin\7.12.1\cucumber-plugin-7.12.1.jar;C:\Development\Maven-Repo\io\cucumber\docstring\7.12.1\docstring-7.12.1.jar;C:\Development\Maven-Repo\io\cucumber\html-formatter\20.3.1\html-formatter-20.3.1.jar;C:\Development\Maven-Repo\io\cucumber\junit-xml-formatter\0.2.0\junit-xml-formatter-0.2.0.jar;C:\Development\Maven-Repo\io\cucumber\ci-environment\9.2.0\ci-environment-9.2.0.jar;C:\Development\Maven-Repo\org\apiguardian\apiguardian-api\1.1.2\apiguardian-api-1.1.2.jar;C:\Development\Maven-Repo\junit\junit\4.13.1\junit-4.13.1.jar;C:\Development\Maven-Repo\org\hamcrest\hamcrest-core\1.3\hamcrest-core-1.3.jar;C:\Development\Maven-Repo\org\seleniumhq\selenium\selenium-java\4.0.0-alpha-4\selenium-java-4.0.0-alpha-4.jar;C:\Development\Maven-Repo\org\seleniumhq\selenium\selenium-api\4.0.0-alpha-4\selenium-api-4.0.0-alpha-4.jar;C:\Development\Maven-Repo\org\seleniumhq\selenium\selenium-chrome-driver\4.0.0-alpha-4\selenium-chrome-driver-4.0.0-alpha-4.jar;C:\Development\Maven-Repo\com\google\auto\service\auto-service-annotations\1.0-rc6\auto-service-annotations-1.0-rc6.jar;C:\Development\Maven-Repo\com\google\auto\service\auto-service\1.0-rc6\auto-service-1.0-rc6.jar;C:\Development\Maven-Repo\com\google\auto\auto-common\0.10\auto-common-0.10.jar;C:\Development\Maven-Repo\com\google\guava\guava\28.2-jre\guava-28.2-jre.jar;C:\Development\Maven-Repo\com\google\guava\failureaccess\1.0.1\failureaccess-1.0.1.jar;C:\Development\Maven-Repo\com\google\guava\listenablefuture\9999.0-empty-to-avoid-conflict-with-guava\listenablefuture-9999.0-empty-to-avoid-conflict-with-guava.jar;C:\Development\Maven-Repo\com\google\code\findbugs\jsr305\3.0.2\jsr305-3.0.2.jar;C:\Development\Maven-Repo\org\checkerframework\checker-qual\2.10.0\checker-qual-2.10.0.jar;C:\Development\Maven-Repo\com\google\errorprone\error_prone_annotations\2.3.4\error_prone_annotations-2.3.4.jar;C:\Development\Maven-Repo\com\google\j2objc\j2objc-annotations\1.3\j2objc-annotations-1.3.jar;C:\Development\Maven-Repo\org\seleniumhq\selenium\selenium-chromium-driver\4.0.0-alpha-4\selenium-chromium-driver-4.0.0-alpha-4.jar;C:\Development\Maven-Repo\org\seleniumhq\selenium\selenium-devtools\4.0.0-alpha-4\selenium-devtools-4.0.0-alpha-4.jar;C:\Development\Maven-Repo\org\seleniumhq\selenium\selenium-http\4.0.0-alpha-4\selenium-http-4.0.0-alpha-4.jar;C:\Development\Maven-Repo\org\seleniumhq\selenium\selenium-json\4.0.0-alpha-4\selenium-json-4.0.0-alpha-4.jar;C:\Development\Maven-Repo\org\seleniumhq\selenium\selenium-edge-driver\4.0.0-alpha-4\selenium-edge-driver-4.0.0-alpha-4.jar;C:\Development\Maven-Repo\org\seleniumhq\selenium\selenium-edgehtml-driver\4.0.0-alpha-4\selenium-edgehtml-driver-4.0.0-alpha-4.jar;C:\Development\Maven-Repo\org\seleniumhq\selenium\selenium-firefox-driver\4.0.0-alpha-4\selenium-firefox-driver-4.0.0-alpha-4.jar;C:\Development\Maven-Repo\org\seleniumhq\selenium\selenium-firefox-xpi-driver\4.0.0-alpha-4\selenium-firefox-xpi-driver-4.0.0-alpha-4.jar;C:\Development\Maven-Repo\org\seleniumhq\selenium\selenium-ie-driver\4.0.0-alpha-4\selenium-ie-driver-4.0.0-alpha-4.jar;C:\Development\Maven-Repo\org\seleniumhq\selenium\selenium-opera-driver\4.0.0-alpha-4\selenium-opera-driver-4.0.0-alpha-4.jar;C:\Development\Maven-Repo\org\seleniumhq\selenium\selenium-remote-driver\4.0.0-alpha-4\selenium-remote-driver-4.0.0-alpha-4.jar;C:\Development\Maven-Repo\com\squareup\okhttp3\okhttp\4.3.0\okhttp-4.3.0.jar;C:\Development\Maven-Repo\com\squareup\okio\okio\2.4.1\okio-2.4.1.jar;C:\Development\Maven-Repo\org\jetbrains\kotlin\kotlin-stdlib-common\1.3.50\kotlin-stdlib-common-1.3.50.jar;C:\Development\Maven-Repo\org\jetbrains\kotlin\kotlin-stdlib\1.3.61\kotlin-stdlib-1.3.61.jar;C:\Development\Maven-Repo\org\jetbrains\annotations\13.0\annotations-13.0.jar;C:\Development\Maven-Repo\com\typesafe\netty\netty-reactive-streams\2.0.4\netty-reactive-streams-2.0.4.jar;C:\Development\Maven-Repo\io\netty\netty-handler\4.1.43.Final\netty-handler-4.1.43.Final.jar;C:\Development\Maven-Repo\io\netty\netty-common\4.1.43.Final\netty-common-4.1.43.Final.jar;C:\Development\Maven-Repo\io\netty\netty-buffer\4.1.43.Final\netty-buffer-4.1.43.Final.jar;C:\Development\Maven-Repo\io\netty\netty-transport\4.1.43.Final\netty-transport-4.1.43.Final.jar;C:\Development\Maven-Repo\io\netty\netty-codec\4.1.43.Final\netty-codec-4.1.43.Final.jar;C:\Development\Maven-Repo\org\reactivestreams\reactive-streams\1.0.3\reactive-streams-1.0.3.jar;C:\Development\Maven-Repo\io\opentracing\opentracing-api\0.33.0\opentracing-api-0.33.0.jar;C:\Development\Maven-Repo\net\bytebuddy\byte-buddy\1.10.6\byte-buddy-1.10.6.jar;C:\Development\Maven-Repo\org\apache\commons\commons-exec\1.3\commons-exec-1.3.jar;C:\Development\Maven-Repo\org\asynchttpclient\async-http-client\2.10.4\async-http-client-2.10.4.jar;C:\Development\Maven-Repo\org\asynchttpclient\async-http-client-netty-utils\2.10.4\async-http-client-netty-utils-2.10.4.jar;C:\Development\Maven-Repo\io\netty\netty-codec-http\4.1.42.Final\netty-codec-http-4.1.42.Final.jar;C:\Development\Maven-Repo\io\netty\netty-codec-socks\4.1.42.Final\netty-codec-socks-4.1.42.Final.jar;C:\Development\Maven-Repo\io\netty\netty-handler-proxy\4.1.42.Final\netty-handler-proxy-4.1.42.Final.jar;C:\Development\Maven-Repo\io\netty\netty-transport-native-epoll\4.1.42.Final\netty-transport-native-epoll-4.1.42.Final-linux-x86_64.jar;C:\Development\Maven-Repo\io\netty\netty-transport-native-unix-common\4.1.42.Final\netty-transport-native-unix-common-4.1.42.Final.jar;C:\Development\Maven-Repo\io\netty\netty-transport-native-kqueue\4.1.42.Final\netty-transport-native-kqueue-4.1.42.Final-osx-x86_64.jar;C:\Development\Maven-Repo\io\netty\netty-resolver-dns\4.1.42.Final\netty-resolver-dns-4.1.42.Final.jar;C:\Development\Maven-Repo\io\netty\netty-resolver\4.1.42.Final\netty-resolver-4.1.42.Final.jar;C:\Development\Maven-Repo\io\netty\netty-codec-dns\4.1.42.Final\netty-codec-dns-4.1.42.Final.jar;C:\Development\Maven-Repo\com\sun\activation\javax.activation\1.2.0\javax.activation-1.2.0.jar;C:\Development\Maven-Repo\org\seleniumhq\selenium\selenium-safari-driver\4.0.0-alpha-4\selenium-safari-driver-4.0.0-alpha-4.jar;C:\Development\Maven-Repo\org\seleniumhq\selenium\selenium-support\4.0.0-alpha-4\selenium-support-4.0.0-alpha-4.jar;C:\Development\Maven-Repo\io\cucumber\cucumber-junit\7.12.1\cucumber-junit-7.12.1.jar;C:\Development\Maven-Repo\io\cucumber\cucumber-java\7.12.1\cucumber-java-7.12.1.jar;C:\Development\Maven-Repo\io\cucumber\cucumber-jvm-deps\1.0.6\cucumber-jvm-deps-1.0.6.jar;C:\Development\Maven-Repo\net\masterthought\cucumber-reporting\5.7.6\cucumber-reporting-5.7.6.jar;C:\Development\Maven-Repo\com\fasterxml\jackson\core\jackson-databind\2.13.2.2\jackson-databind-2.13.2.2.jar;C:\Development\Maven-Repo\com\fasterxml\jackson\core\jackson-annotations\2.13.2\jackson-annotations-2.13.2.jar;C:\Development\Maven-Repo\com\fasterxml\jackson\core\jackson-core\2.13.2\jackson-core-2.13.2.jar;C:\Development\Maven-Repo\com\fasterxml\jackson\datatype\jackson-datatype-jsr310\2.13.2\jackson-datatype-jsr310-2.13.2.jar;C:\Development\Maven-Repo\org\apache\velocity\velocity-engine-core\2.3\velocity-engine-core-2.3.jar;C:\Development\Maven-Repo\org\slf4j\slf4j-api\1.7.30\slf4j-api-1.7.30.jar;C:\Development\Maven-Repo\joda-time\joda-time\2.12.2\joda-time-2.12.2.jar;C:\Development\Maven-Repo\org\apache\commons\commons-lang3\3.12.0\commons-lang3-3.12.0.jar;C:\Development\Maven-Repo\commons-io\commons-io\2.7\commons-io-2.7.jar;C:\Development\Maven-Repo\org\codehaus\plexus\plexus-utils\3.5.1\plexus-utils-3.5.1.jar;C:\Development\Maven-Repo\org\jsoup\jsoup\1.16.1\jsoup-1.16.1.jar;C:\Development\Maven-Repo\com\googlecode\owasp-java-html-sanitizer\owasp-java-html-sanitizer\20220608.1\owasp-java-html-sanitizer-20220608.1.jar;C:\Development\Maven-Repo\commons-configuration\commons-configuration\1.10\commons-configuration-1.10.jar;C:\Development\Maven-Repo\commons-lang\commons-lang\2.6\commons-lang-2.6.jar;C:\Development\Maven-Repo\commons-logging\commons-logging\1.1.1\commons-logging-1.1.1.jar;C:\Development\Maven-Repo\io\cucumber\gherkin\26.2.0\gherkin-26.2.0.jar;"/>
    <property name="sun.cpu.endian" value="little"/>
    <property name="user.home" value="C:\Users\Santosh"/>
    <property name="user.language" value="en"/>
    <property name="java.specification.vendor" value="Oracle Corporation"/>
    <property name="java.home" value="C:\Program Files\Java\jdk1.8.0_73\jre"/>
    <property name="basedir" value="E:\AUSTRAC-JAVA-TEST\Cucumber-Java-Project"/>
    <property name="file.separator" value="\"/>
    <property name="line.separator" value="&#10;"/>
    <property name="java.vm.specification.vendor" value="Oracle Corporation"/>
    <property name="java.specification.name" value="Java Platform API Specification"/>
    <property name="java.awt.graphicsenv" value="sun.awt.Win32GraphicsEnvironment"/>
    <property name="surefire.real.class.path" value="C:\Users\Santosh\AppData\Local\Temp\surefire7887733168876263109\surefirebooter-20230703103854674_3.jar"/>
    <property name="sun.boot.class.path" value="C:\Program Files\Java\jdk1.8.0_73\jre\lib\resources.jar;C:\Program Files\Java\jdk1.8.0_73\jre\lib\rt.jar;C:\Program Files\Java\jdk1.8.0_73\jre\lib\sunrsasign.jar;C:\Program Files\Java\jdk1.8.0_73\jre\lib\jsse.jar;C:\Program Files\Java\jdk1.8.0_73\jre\lib\jce.jar;C:\Program Files\Java\jdk1.8.0_73\jre\lib\charsets.jar;C:\Program Files\Java\jdk1.8.0_73\jre\lib\jfr.jar;C:\Program Files\Java\jdk1.8.0_73\jre\classes"/>
    <property name="user.script" value=""/>
    <property name="sun.management.compiler" value="HotSpot 64-Bit Tiered Compilers"/>
    <property name="java.runtime.version" value="1.8.0_73-b02"/>
    <property name="user.name" value="Santosh"/>
    <property name="path.separator" value=";"/>
    <property name="os.version" value="10.0"/>
    <property name="java.endorsed.dirs" value="C:\Program Files\Java\jdk1.8.0_73\jre\lib\endorsed"/>
    <property name="java.runtime.name" value="Java(TM) SE Runtime Environment"/>
    <property name="file.encoding" value="Cp1252"/>
    <property name="java.vm.name" value="Java HotSpot(TM) 64-Bit Server VM"/>
    <property name="localRepository" value="C:\Development\Maven-Repo"/>
    <property name="java.vendor.url.bug" value="http://bugreport.sun.com/bugreport/"/>
    <property name="java.io.tmpdir" value="C:\Users\Santosh\AppData\Local\Temp\"/>
    <property name="java.version" value="1.8.0_73"/>
    <property name="user.dir" value="E:\AUSTRAC-JAVA-TEST\Cucumber-Java-Project"/>
    <property name="os.arch" value="amd64"/>
    <property name="java.vm.specification.name" value="Java Virtual Machine Specification"/>
    <property name="java.awt.printerjob" value="sun.awt.windows.WPrinterJob"/>
    <property name="sun.os.patch.level" value=""/>
    <property name="java.library.path" value="C:\Program Files\Java\jdk1.8.0_73\jre\bin;C:\WINDOWS\Sun\Java\bin;C:\WINDOWS\system32;C:\WINDOWS;C:\Program Files (x86)\Common Files\Oracle\Java\javapath;C:\ProgramData\Oracle\Java\javapath;C:\Program Files (x86)\Intel\iCLS Client\;C:\Program Files\Intel\iCLS Client\;C:\WINDOWS\system32;C:\WINDOWS;C:\WINDOWS\System32\Wbem;C:\WINDOWS\System32\WindowsPowerShell\v1.0\;C:\Program Files\Hewlett-Packard\SimplePass\;C:\Program Files\Intel\Intel(R) Management Engine Components\DAL;C:\Program Files (x86)\Intel\Intel(R) Management Engine Components\DAL;C:\Program Files\Intel\Intel(R) Management Engine Components\IPT;C:\Program Files (x86)\Intel\Intel(R) Management Engine Components\IPT;C:\Program Files (x86)\Skype\Phone\;c:\Program Files\Intel\WiFi\bin\;c:\Program Files\Common Files\Intel\WirelessCommon\;C:\Program Files\Java\jdk1.8.0_73\bin;C:\apache-maven-3.3.9\bin;C:\Development\axis2-1.7.3\bin;C:\Program Files\Calibre2\;C:\Program Files (x86)\Subversion\bin;C:\Program Files\TortoiseSVN\bin;C:\WINDOWS\System32\OpenSSH\;C:\Program Files\dotnet\;C:\Program Files\Git\cmd;C:\Program Files (x86)\LeanPro\CukeTest\;C:\Program Files\nodejs\;C:\Users\Santosh\AppData\Local\Programs\Python\Python311\Scripts\;C:\Users\Santosh\AppData\Local\Programs\Python\Python311\;C:\Users\Santosh\AppData\Local\Programs\Python\Python35-32\Scripts\;C:\Users\Santosh\AppData\Local\Programs\Python\Python35-32\;c:\Program Files\Intel\WiFi\bin\;c:\Program Files\Common Files\Intel\WirelessCommon\;C:\JAVA_SELENIUM\;C:\Program Files\Java\jdk1.8.0_73\;C:\apache-maven-3.3.9\;C:\Development\axis2-1.7.3\bin;C:\Users\Santosh\AppData\Local\Microsoft\WindowsApps;C:\Users\Santosh\AppData\Local\Programs\Microsoft VS Code\bin;C:\Users\Santosh\AppData\Local\GitHubDesktop\bin;C:\Users\Santosh\.dotnet\tools;C:\Users\Santosh\AppData\Local\Microsoft\WindowsApps;C:\Program Files\Tesseract-OCR;C:\Program Files\JetBrains\IntelliJ IDEA Community Edition 2021.1\bin;;C:\Users\Santosh\AppData\Roaming\npm;C:\Users\Santosh\AppData\Roaming\npm\node_modules\@angular\cli\bin;;."/>
    <property name="java.vm.info" value="mixed mode"/>
    <property name="java.vendor" value="Oracle Corporation"/>
    <property name="java.vm.version" value="25.73-b02"/>
    <property name="java.ext.dirs" value="C:\Program Files\Java\jdk1.8.0_73\jre\lib\ext;C:\WINDOWS\Sun\Java\lib\ext"/>
    <property name="sun.io.unicode.encoding" value="UnicodeLittle"/>
    <property name="java.class.version" value="52.0"/>
  </properties>
  <testcase name="Search google homepage" classname="Google Search Page" time="20.337">
    <system-out><![CDATA[
@google-search
Scenario: Search google homepage            # src/test/resources/features/search.feature:4
  Given A user navigates to google HomePage # stepDefinitions.SearchStepdefs.aUserNavigatesToGoogleHomePage()
  When User enter search "This is test "    # stepDefinitions.SearchStepdefs.userEnterSearch(java.lang.String)
  And Click search button                   # stepDefinitions.SearchStepdefs.clickSearchButton()
  Then search results are displayed         # stepDefinitions.SearchStepdefs.searchResultsAreDisplayed()
]]></system-out>
    <system-err><![CDATA[SLF4J: Failed to load class "org.slf4j.impl.StaticLoggerBinder".
SLF4J: Defaulting to no-operation (NOP) logger implementation
SLF4J: See http://www.slf4j.org/codes.html#StaticLoggerBinder for further details.
Starting ChromeDriver 114.0.5735.90 (386bc09e8f4f2e025eddae123f36f6263096ae49-refs/branch-heads/5735@{#1052}) on port 38622
Only local connections are allowed.
Please see https://chromedriver.chromium.org/security-considerations for suggestions on keeping ChromeDriver safe.
ChromeDriver was started successfully.
Jul 03, 2023 10:39:11 AM org.openqa.selenium.remote.ProtocolHandshake createSession
INFO: Detected dialect: W3C
]]></system-err>
  </testcase>
</testsuite>